<?xml version="1.0" encoding="UTF-8"?>
<!-- Generated by org.testng.reporters.JUnitReportReporter -->
<testsuite hostname="system11" name="DriverFactory.AppTest" tests="1" failures="0" timestamp="31 Jan 2020 03:29:54 GMT" time="16.018" errors="0">
  <testcase name="f" time="16.018" classname="DriverFactory.AppTest"/>
</testsuite> <!-- DriverFactory.AppTest -->
