<?xml version="1.0" encoding="UTF-8"?>
<!-- Generated by org.testng.reporters.JUnitReportReporter -->
<testsuite hostname="system11" name="DriverFactory.AppTest" tests="1" failures="0" timestamp="4 Feb 2020 03:11:25 GMT" time="15.837" errors="0">
  <testcase name="f" time="15.837" classname="DriverFactory.AppTest"/>
</testsuite> <!-- DriverFactory.AppTest -->
